<?xml version="1.0" encoding="UTF-8"?>
<!-- Generated by org.testng.reporters.JUnitReportReporter -->
<testsuite hostname="shirazum" failures="0" tests="4" name="pages.HomePageTest" time="9.129" errors="0" timestamp="2024-02-25T17:41:47 EST" skipped="3">
  <testcase classname="pages.HomePageTest" name="inputTextInZipCodeField" time="9.129"/>
  <testcase classname="pages.HomePageTest" name="clickZipCodeField">
    <skipped/>
  </testcase> <!-- clickZipCodeField -->
  <testcase classname="pages.HomePageTest" name="clickSearchFieldTest">
    <skipped/>
  </testcase> <!-- clickSearchFieldTest -->
  <testcase classname="pages.HomePageTest" name="logoField">
    <skipped/>
  </testcase> <!-- logoField -->
</testsuite> <!-- pages.HomePageTest -->
